<?xml version="1.0" encoding="UTF-8"?>
<!-- Generated by org.testng.reporters.JUnitReportReporter -->
<testsuite hostname="DESKTOP-HN7CVRU" failures="0" tests="1" name="tests.Runner3" time="1.654" errors="0" timestamp="2023-07-08T11:30:17 IST" skipped="0">
  <testcase classname="tests.Runner3" name="runScenario" time="1.654"/>
</testsuite> <!-- tests.Runner3 -->
