<?xml version="1.0" encoding="UTF-8"?>
<!-- Generated by org.testng.reporters.JUnitReportReporter -->
<testsuite hostname="DESKTOP-HN7CVRU" failures="0" tests="3" name="tests.Runner1" time="2.572" errors="0" timestamp="2023-07-08T12:48:26 IST" skipped="0">
  <testcase classname="tests.Runner1" name="runScenario" time="0.288"/>
  <system-out/>
  <testcase classname="tests.Runner1" name="runScenario" time="0.597"/>
  <system-out/>
  <testcase classname="tests.Runner1" name="runScenario" time="1.687"/>
  <system-out/>
</testsuite> <!-- tests.Runner1 -->
